0 info it worked if it ends with ok
1 verbose cli [ 'node', '/usr/local/bin/npm', 'install', 'jquery-waypoints' ]
2 info using npm@1.4.10
3 info using node@v0.10.26
4 warn package.json vantage-project@1.0.0 No description
5 warn package.json vantage-project@1.0.0 No repository field.
6 warn package.json vantage-project@1.0.0 No README data
7 verbose readDependencies using package.json deps
8 verbose cache add [ 'jquery-waypoints', null ]
9 verbose cache add name=undefined spec="jquery-waypoints" args=["jquery-waypoints",null]
10 verbose parsed url { protocol: null,
10 verbose parsed url   slashes: null,
10 verbose parsed url   auth: null,
10 verbose parsed url   host: null,
10 verbose parsed url   port: null,
10 verbose parsed url   hostname: null,
10 verbose parsed url   hash: null,
10 verbose parsed url   search: null,
10 verbose parsed url   query: null,
10 verbose parsed url   pathname: 'jquery-waypoints',
10 verbose parsed url   path: 'jquery-waypoints',
10 verbose parsed url   href: 'jquery-waypoints' }
11 silly lockFile b8db1a41-jquery-waypoints jquery-waypoints
12 verbose lock jquery-waypoints /Users/austenpayan/.npm/b8db1a41-jquery-waypoints.lock
13 silly lockFile b8db1a41-jquery-waypoints jquery-waypoints
14 silly lockFile b8db1a41-jquery-waypoints jquery-waypoints
15 verbose addNamed [ 'jquery-waypoints', '' ]
16 verbose addNamed [ null, '*' ]
17 silly lockFile cf8dfe0c-jquery-waypoints jquery-waypoints@
18 verbose lock jquery-waypoints@ /Users/austenpayan/.npm/cf8dfe0c-jquery-waypoints.lock
19 silly addNameRange { name: 'jquery-waypoints', range: '*', hasData: false }
20 verbose url raw jquery-waypoints
21 verbose url resolving [ 'https://registry.npmjs.org/', './jquery-waypoints' ]
22 verbose url resolved https://registry.npmjs.org/jquery-waypoints
23 info trying registry request attempt 1 at 16:43:17
24 http GET https://registry.npmjs.org/jquery-waypoints
25 http 404 https://registry.npmjs.org/jquery-waypoints
26 verbose headers { date: 'Thu, 25 Sep 2014 23:43:18 GMT',
26 verbose headers   server: 'CouchDB/1.5.0 (Erlang OTP/R16B03)',
26 verbose headers   'content-type': 'application/json',
26 verbose headers   'cache-control': 'max-age=0',
26 verbose headers   'content-length': '52',
26 verbose headers   'accept-ranges': 'bytes',
26 verbose headers   via: '1.1 varnish',
26 verbose headers   age: '0',
26 verbose headers   'x-served-by': 'cache-lax1424-LAX',
26 verbose headers   'x-cache': 'MISS',
26 verbose headers   'x-cache-hits': '0',
26 verbose headers   'x-timer': 'S1411688598.687897,VS0,VE184',
26 verbose headers   'keep-alive': 'timeout=10, max=50',
26 verbose headers   connection: 'Keep-Alive' }
27 silly registry.get cb [ 404,
27 silly registry.get   { date: 'Thu, 25 Sep 2014 23:43:18 GMT',
27 silly registry.get     server: 'CouchDB/1.5.0 (Erlang OTP/R16B03)',
27 silly registry.get     'content-type': 'application/json',
27 silly registry.get     'cache-control': 'max-age=0',
27 silly registry.get     'content-length': '52',
27 silly registry.get     'accept-ranges': 'bytes',
27 silly registry.get     via: '1.1 varnish',
27 silly registry.get     age: '0',
27 silly registry.get     'x-served-by': 'cache-lax1424-LAX',
27 silly registry.get     'x-cache': 'MISS',
27 silly registry.get     'x-cache-hits': '0',
27 silly registry.get     'x-timer': 'S1411688598.687897,VS0,VE184',
27 silly registry.get     'keep-alive': 'timeout=10, max=50',
27 silly registry.get     connection: 'Keep-Alive' } ]
28 silly lockFile cf8dfe0c-jquery-waypoints jquery-waypoints@
29 silly lockFile cf8dfe0c-jquery-waypoints jquery-waypoints@
30 error 404 404 Not Found: jquery-waypoints
30 error 404
30 error 404 'jquery-waypoints' is not in the npm registry.
30 error 404 You should bug the author to publish it
30 error 404 It was specified as a dependency of 'vantage-project'
30 error 404
30 error 404 Note that you can also install from a
30 error 404 tarball, folder, or http url, or git url.
31 error System Darwin 13.4.0
32 error command "node" "/usr/local/bin/npm" "install" "jquery-waypoints"
33 error cwd /Applications/MAMP/htdocs/iwantbetter/public
34 error node -v v0.10.26
35 error npm -v 1.4.10
36 error code E404
37 verbose exit [ 1, true ]
